<?xml version="1.0" encoding="UTF-8"?>
<robot generator="Robot 5.0 (Python 3.10.4 on win32)" generated="20220512 11:47:19.254" rpa="false" schemaversion="3">
<suite id="s1" name="Verify Valid Crediential Suite" source="C:\LT6\Project_Php_Travel\login_suite\verify_valid_crediential_suite.robot">
<test id="s1-t1" name="TC1" line="12">
<kw name="Launch Browser" library="CommonFunctionality_resource" type="SETUP">
<kw name="Append To Environment Variable" library="OperatingSystem">
<arg>path</arg>
<arg>${EXECDIR}${/}driver</arg>
<doc>Appends given ``values`` to environment variable ``name``.</doc>
<msg timestamp="20220512 11:47:20.504" level="INFO">Environment variable 'path' set to value 'C:\Program Files\Common Files\Oracle\Java\javapath;C:\WINDOWS\system32;C:\WINDOWS;C:\WINDOWS\System32\Wbem;C:\WINDOWS\System32\WindowsPowerShell\v1.0\;C:\WINDOWS\System32\OpenSSH\;C:\Program Files (x86)\Intel\Intel(R) Management Engine Components\DAL;C:\Program Files\Intel\Intel(R) Management Engine Components\DAL;C:\MinGW\bin;C:\Program Files\Git\cmd;C:\Users\MANOJ\AppData\Local\Programs\Python\Python310\Scripts\;C:\Users\MANOJ\AppData\Local\Programs\Python\Python310\;C:\Users\MANOJ\AppData\Local\Microsoft\WindowsApps;;C:\Users\MANOJ\AppData\Local\Programs\Microsoft VS Code\bin;C:\LT6\Project_Php_Travel\driver'.</msg>
<status status="PASS" starttime="20220512 11:47:20.504" endtime="20220512 11:47:20.504"/>
</kw>
<kw name="Open Browser" library="SeleniumLibrary">
<arg>browser=${BROWSER}</arg>
<doc>Opens a new browser instance to the optional ``url``.</doc>
<msg timestamp="20220512 11:47:20.504" level="INFO">Opening browser 'chrome' to base url 'None'.</msg>
<status status="PASS" starttime="20220512 11:47:20.504" endtime="20220512 11:47:22.259"/>
</kw>
<kw name="Maximize Browser Window" library="SeleniumLibrary">
<doc>Maximizes current browser window.</doc>
<status status="PASS" starttime="20220512 11:47:22.259" endtime="20220512 11:47:22.429"/>
</kw>
<kw name="Set Selenium Implicit Wait" library="SeleniumLibrary">
<arg>30s</arg>
<doc>Sets the implicit wait value used by Selenium.</doc>
<status status="PASS" starttime="20220512 11:47:22.429" endtime="20220512 11:47:22.433"/>
</kw>
<kw name="Set Screenshot Directory" library="SeleniumLibrary">
<arg>${EXECDIR}${/}screenshot</arg>
<doc>Sets the directory for captured screenshots.</doc>
<status status="PASS" starttime="20220512 11:47:22.433" endtime="20220512 11:47:22.433"/>
</kw>
<kw name="Go To" library="SeleniumLibrary">
<arg>url=${URL}</arg>
<doc>Navigates the current browser window to the provided ``url``.</doc>
<msg timestamp="20220512 11:47:22.433" level="INFO">Opening url 'https://phptravels.net/'</msg>
<status status="PASS" starttime="20220512 11:47:22.433" endtime="20220512 11:47:26.015"/>
</kw>
<kw name="Click Element" library="SeleniumLibrary">
<arg>xpath=//button[@id='cookie_stop']</arg>
<doc>Click the element identified by ``locator``.</doc>
<msg timestamp="20220512 11:47:26.016" level="INFO">Clicking element 'xpath=//button[@id='cookie_stop']'.</msg>
<status status="PASS" starttime="20220512 11:47:26.015" endtime="20220512 11:47:26.080"/>
</kw>
<status status="PASS" starttime="20220512 11:47:20.504" endtime="20220512 11:47:26.081"/>
</kw>
<kw name="Valid Credential Template">
<arg>svel159753@gmail.com</arg>
<arg>password@123</arg>
<kw name="Click Element" library="SeleniumLibrary">
<arg>link=Login</arg>
<doc>Click the element identified by ``locator``.</doc>
<msg timestamp="20220512 11:47:26.082" level="INFO">Clicking element 'link=Login'.</msg>
<status status="PASS" starttime="20220512 11:47:26.082" endtime="20220512 11:47:27.426"/>
</kw>
<kw name="Input Text" library="SeleniumLibrary">
<arg>xpath=//input[@placeholder='Email']</arg>
<arg>${email}</arg>
<doc>Types the given ``text`` into the text field identified by ``locator``.</doc>
<msg timestamp="20220512 11:47:27.427" level="INFO">Typing text 'svel159753@gmail.com' into text field 'xpath=//input[@placeholder='Email']'.</msg>
<status status="PASS" starttime="20220512 11:47:27.426" endtime="20220512 11:47:27.551"/>
</kw>
<kw name="Input Text" library="SeleniumLibrary">
<arg>xpath=//input[@placeholder='Password']</arg>
<arg>${password}</arg>
<doc>Types the given ``text`` into the text field identified by ``locator``.</doc>
<msg timestamp="20220512 11:47:27.552" level="INFO">Typing text 'password@123' into text field 'xpath=//input[@placeholder='Password']'.</msg>
<status status="PASS" starttime="20220512 11:47:27.551" endtime="20220512 11:47:27.655"/>
</kw>
<kw name="Click Element" library="SeleniumLibrary">
<arg>xpath=//span[@class='ladda-label']</arg>
<doc>Click the element identified by ``locator``.</doc>
<msg timestamp="20220512 11:47:27.655" level="INFO">Clicking element 'xpath=//span[@class='ladda-label']'.</msg>
<status status="PASS" starttime="20220512 11:47:27.655" endtime="20220512 11:47:29.608"/>
</kw>
<status status="PASS" starttime="20220512 11:47:26.081" endtime="20220512 11:47:29.609"/>
</kw>
<status status="PASS" starttime="20220512 11:47:20.504" endtime="20220512 11:47:29.610"/>
</test>
<doc>this suite will handle Valid credential</doc>
<status status="PASS" starttime="20220512 11:47:19.254" endtime="20220512 11:47:29.612"/>
</suite>
<statistics>
<total>
<stat pass="1" fail="0" skip="0">All Tests</stat>
</total>
<tag>
</tag>
<suite>
<stat pass="1" fail="0" skip="0" id="s1" name="Verify Valid Crediential Suite">Verify Valid Crediential Suite</stat>
</suite>
</statistics>
<errors>
</errors>
</robot>
